<?xml version="1.0" encoding="UTF-8"?>
<!-- Generated by org.testng.reporters.JUnitXMLReporter -->
<testsuite hostname="RAMPRASAD-QA" name="Default test" tests="448" failures="0" timestamp="27 Mar 2019 09:40:49 GMT" time="454.074" errors="0">
  <testcase name="AccuPrice" time="0.016" classname="tec.AC40.Suite.OrderFlow"/>
  <testcase name="AccuPrice" time="0.04" classname="tec.AC40.Suite.OrderFlow"/>
  <testcase name="AccuPrice" time="0.0" classname="tec.AC40.Suite.OrderFlow"/>
  <testcase name="AccuPrice" time="0.0" classname="tec.AC40.Suite.OrderFlow"/>
  <testcase name="AccuPrice" time="0.015" classname="tec.AC40.Suite.OrderFlow"/>
  <testcase name="AccuPrice" time="0.0" classname="tec.AC40.Suite.OrderFlow"/>
  <testcase name="AccuPrice" time="0.0" classname="tec.AC40.Suite.OrderFlow"/>
  <testcase name="AccuPrice" time="0.016" classname="tec.AC40.Suite.OrderFlow"/>
  <testcase name="AccuPrice" time="0.018" classname="tec.AC40.Suite.OrderFlow"/>
  <testcase name="AccuPrice" time="0.001" classname="tec.AC40.Suite.OrderFlow"/>
  <testcase name="AccuPrice" time="0.016" classname="tec.AC40.Suite.OrderFlow"/>
  <testcase name="AccuPrice" time="0.0" classname="tec.AC40.Suite.OrderFlow"/>
  <testcase name="AccuPrice" time="0.016" classname="tec.AC40.Suite.OrderFlow"/>
  <testcase name="AccuPrice" time="0.0" classname="tec.AC40.Suite.OrderFlow"/>
  <testcase name="AccuPrice" time="0.0" classname="tec.AC40.Suite.OrderFlow"/>
  <testcase name="AccuPrice" time="0.016" classname="tec.AC40.Suite.OrderFlow"/>
  <testcase name="AccuPrice" time="0.0" classname="tec.AC40.Suite.OrderFlow"/>
  <testcase name="AccuPrice" time="0.016" classname="tec.AC40.Suite.OrderFlow"/>
  <testcase name="AccuPrice" time="0.0" classname="tec.AC40.Suite.OrderFlow"/>
  <testcase name="AccuPrice" time="0.02" classname="tec.AC40.Suite.OrderFlow"/>
  <testcase name="AccuPrice" time="0.0" classname="tec.AC40.Suite.OrderFlow"/>
  <testcase name="AccuPrice" time="0.0" classname="tec.AC40.Suite.OrderFlow"/>
  <testcase name="AccuPrice" time="0.0" classname="tec.AC40.Suite.OrderFlow"/>
  <testcase name="AccuPrice" time="0.0" classname="tec.AC40.Suite.OrderFlow"/>
  <testcase name="AccuPrice" time="0.016" classname="tec.AC40.Suite.OrderFlow"/>
  <testcase name="AccuPrice" time="0.015" classname="tec.AC40.Suite.OrderFlow"/>
  <testcase name="AccuPrice" time="0.0" classname="tec.AC40.Suite.OrderFlow"/>
  <testcase name="AccuPrice" time="0.016" classname="tec.AC40.Suite.OrderFlow"/>
  <testcase name="AccuPrice" time="0.0" classname="tec.AC40.Suite.OrderFlow"/>
  <testcase name="AccuPrice" time="0.0" classname="tec.AC40.Suite.OrderFlow"/>
  <testcase name="AccuPrice" time="0.0" classname="tec.AC40.Suite.OrderFlow"/>
  <testcase name="AccuPrice" time="0.003" classname="tec.AC40.Suite.OrderFlow"/>
  <testcase name="AccuPrice" time="0.001" classname="tec.AC40.Suite.OrderFlow"/>
  <testcase name="AccuPrice" time="0.0" classname="tec.AC40.Suite.OrderFlow"/>
  <testcase name="AccuPrice" time="0.0" classname="tec.AC40.Suite.OrderFlow"/>
  <testcase name="AccuPrice" time="0.0" classname="tec.AC40.Suite.OrderFlow"/>
  <testcase name="AccuPrice" time="0.016" classname="tec.AC40.Suite.OrderFlow"/>
  <testcase name="AccuPrice" time="0.0" classname="tec.AC40.Suite.OrderFlow"/>
  <testcase name="AccuPrice" time="0.0" classname="tec.AC40.Suite.OrderFlow"/>
  <testcase name="AccuPrice" time="0.0" classname="tec.AC40.Suite.OrderFlow"/>
  <testcase name="AccuPrice" time="0.0" classname="tec.AC40.Suite.OrderFlow"/>
  <testcase name="AccuPrice" time="0.016" classname="tec.AC40.Suite.OrderFlow"/>
  <testcase name="AccuPrice" time="0.0" classname="tec.AC40.Suite.OrderFlow"/>
  <testcase name="AccuPrice" time="0.0" classname="tec.AC40.Suite.OrderFlow"/>
  <testcase name="AccuPrice" time="0.031" classname="tec.AC40.Suite.OrderFlow"/>
  <testcase name="AccuPrice" time="0.003" classname="tec.AC40.Suite.OrderFlow"/>
  <testcase name="AccuPrice" time="0.001" classname="tec.AC40.Suite.OrderFlow"/>
  <testcase name="AccuPrice" time="0.0" classname="tec.AC40.Suite.OrderFlow"/>
  <testcase name="AccuPrice" time="0.0" classname="tec.AC40.Suite.OrderFlow"/>
  <testcase name="AccuPrice" time="0.0" classname="tec.AC40.Suite.OrderFlow"/>
  <testcase name="AccuPrice" time="0.016" classname="tec.AC40.Suite.OrderFlow"/>
  <testcase name="AccuPrice" time="0.0" classname="tec.AC40.Suite.OrderFlow"/>
  <testcase name="AccuPrice" time="0.031" classname="tec.AC40.Suite.OrderFlow"/>
  <testcase name="AccuPrice" time="0.031" classname="tec.AC40.Suite.OrderFlow"/>
  <testcase name="AccuPrice" time="0.022" classname="tec.AC40.Suite.OrderFlow"/>
  <testcase name="AccuPrice" time="0.016" classname="tec.AC40.Suite.OrderFlow"/>
  <testcase name="AccuPrice" time="0.0" classname="tec.AC40.Suite.OrderFlow"/>
  <testcase name="AccuPrice" time="0.016" classname="tec.AC40.Suite.OrderFlow"/>
  <testcase name="AccuPrice" time="0.015" classname="tec.AC40.Suite.OrderFlow"/>
  <testcase name="AccuPrice" time="0.0" classname="tec.AC40.Suite.OrderFlow"/>
  <testcase name="AccuPrice" time="0.016" classname="tec.AC40.Suite.OrderFlow"/>
  <testcase name="AccuPrice" time="0.0" classname="tec.AC40.Suite.OrderFlow"/>
  <testcase name="AccuPrice" time="0.016" classname="tec.AC40.Suite.OrderFlow"/>
  <testcase name="AccuPrice" time="0.0" classname="tec.AC40.Suite.OrderFlow"/>
  <testcase name="AccuPrice" time="0.005" classname="tec.AC40.Suite.OrderFlow"/>
  <testcase name="AccuPrice" time="0.0" classname="tec.AC40.Suite.OrderFlow"/>
  <testcase name="AccuPrice" time="0.0" classname="tec.AC40.Suite.OrderFlow"/>
  <testcase name="AccuPrice" time="0.015" classname="tec.AC40.Suite.OrderFlow"/>
  <testcase name="AccuPrice" time="0.016" classname="tec.AC40.Suite.OrderFlow"/>
  <testcase name="AccuPrice" time="0.0" classname="tec.AC40.Suite.OrderFlow"/>
  <testcase name="AccuPrice" time="0.0" classname="tec.AC40.Suite.OrderFlow"/>
  <testcase name="AccuPrice" time="0.0" classname="tec.AC40.Suite.OrderFlow"/>
  <testcase name="AccuPrice" time="0.0" classname="tec.AC40.Suite.OrderFlow"/>
  <testcase name="AccuPrice" time="0.0" classname="tec.AC40.Suite.OrderFlow"/>
  <testcase name="AccuPrice" time="0.016" classname="tec.AC40.Suite.OrderFlow"/>
  <testcase name="AccuPrice" time="0.038" classname="tec.AC40.Suite.OrderFlow"/>
  <testcase name="AccuPrice" time="0.031" classname="tec.AC40.Suite.OrderFlow"/>
  <testcase name="AccuPrice" time="0.0" classname="tec.AC40.Suite.OrderFlow"/>
  <testcase name="AccuPrice" time="0.0" classname="tec.AC40.Suite.OrderFlow"/>
  <testcase name="AccuPrice" time="0.0" classname="tec.AC40.Suite.OrderFlow"/>
  <testcase name="AccuPrice" time="0.0" classname="tec.AC40.Suite.OrderFlow"/>
  <testcase name="AccuPrice" time="0.0" classname="tec.AC40.Suite.OrderFlow"/>
  <testcase name="AccuPrice" time="0.003" classname="tec.AC40.Suite.OrderFlow"/>
  <testcase name="AccuPrice" time="0.001" classname="tec.AC40.Suite.OrderFlow"/>
  <testcase name="AccuPrice" time="0.0" classname="tec.AC40.Suite.OrderFlow"/>
  <testcase name="AccuPrice" time="0.016" classname="tec.AC40.Suite.OrderFlow"/>
  <testcase name="AccuPrice" time="0.0" classname="tec.AC40.Suite.OrderFlow"/>
  <testcase name="AccuPrice" time="0.0" classname="tec.AC40.Suite.OrderFlow"/>
  <testcase name="AccuPrice" time="0.015" classname="tec.AC40.Suite.OrderFlow"/>
  <testcase name="AccuPrice" time="0.0" classname="tec.AC40.Suite.OrderFlow"/>
  <testcase name="AccuPrice" time="0.0" classname="tec.AC40.Suite.OrderFlow"/>
  <testcase name="AccuPrice" time="0.0" classname="tec.AC40.Suite.OrderFlow"/>
  <testcase name="AccuPrice" time="0.0" classname="tec.AC40.Suite.OrderFlow"/>
  <testcase name="AccuPrice" time="0.0" classname="tec.AC40.Suite.OrderFlow"/>
  <testcase name="AccuPrice" time="0.0" classname="tec.AC40.Suite.OrderFlow"/>
  <testcase name="AccuPrice" time="0.0" classname="tec.AC40.Suite.OrderFlow"/>
  <testcase name="AccuPrice" time="0.015" classname="tec.AC40.Suite.OrderFlow"/>
  <testcase name="AccuPrice" time="0.0" classname="tec.AC40.Suite.OrderFlow"/>
  <testcase name="AccuPrice" time="0.0" classname="tec.AC40.Suite.OrderFlow"/>
  <testcase name="AccuPrice" time="0.004" classname="tec.AC40.Suite.OrderFlow"/>
  <testcase name="AccuPrice" time="0.0" classname="tec.AC40.Suite.OrderFlow"/>
  <testcase name="AccuPrice" time="0.0" classname="tec.AC40.Suite.OrderFlow"/>
  <testcase name="AccuPrice" time="0.018" classname="tec.AC40.Suite.OrderFlow"/>
  <testcase name="AccuPrice" time="0.005" classname="tec.AC40.Suite.OrderFlow"/>
  <testcase name="AccuPrice" time="0.0" classname="tec.AC40.Suite.OrderFlow"/>
  <testcase name="AccuPrice" time="0.0" classname="tec.AC40.Suite.OrderFlow"/>
  <testcase name="AccuPrice" time="0.016" classname="tec.AC40.Suite.OrderFlow"/>
  <testcase name="AccuPrice" time="0.0" classname="tec.AC40.Suite.OrderFlow"/>
  <testcase name="AccuPrice" time="0.0" classname="tec.AC40.Suite.OrderFlow"/>
  <testcase name="AccuPrice" time="0.0" classname="tec.AC40.Suite.OrderFlow"/>
  <testcase name="AccuPrice" time="0.0" classname="tec.AC40.Suite.OrderFlow"/>
  <testcase name="AccuPrice" time="0.0" classname="tec.AC40.Suite.OrderFlow"/>
  <testcase name="AccuPrice" time="0.015" classname="tec.AC40.Suite.OrderFlow"/>
  <testcase name="AccuPrice" time="0.0" classname="tec.AC40.Suite.OrderFlow"/>
  <testcase name="AccuPrice" time="0.0" classname="tec.AC40.Suite.OrderFlow"/>
  <testcase name="AccuPrice" time="0.021" classname="tec.AC40.Suite.OrderFlow"/>
  <testcase name="AccuPrice" time="0.004" classname="tec.AC40.Suite.OrderFlow"/>
  <testcase name="AccuPrice" time="0.0" classname="tec.AC40.Suite.OrderFlow"/>
  <testcase name="AccuPrice" time="0.0" classname="tec.AC40.Suite.OrderFlow"/>
  <testcase name="AccuPrice" time="0.0" classname="tec.AC40.Suite.OrderFlow"/>
  <testcase name="AccuPrice" time="0.0" classname="tec.AC40.Suite.OrderFlow"/>
  <testcase name="AccuPrice" time="0.0" classname="tec.AC40.Suite.OrderFlow"/>
  <testcase name="AccuPrice" time="394.283" classname="tec.AC40.Suite.OrderFlow"/>
  <testcase name="AccuPrice" time="0.005" classname="tec.AC40.Suite.OrderFlow"/>
  <testcase name="AccuPrice" time="0.007" classname="tec.AC40.Suite.OrderFlow"/>
  <testcase name="AccuPrice" time="0.003" classname="tec.AC40.Suite.OrderFlow"/>
  <testcase name="AccuPrice" time="0.008" classname="tec.AC40.Suite.OrderFlow"/>
  <testcase name="AccuPrice" time="0.007" classname="tec.AC40.Suite.OrderFlow"/>
  <testcase name="AccuPrice" time="0.005" classname="tec.AC40.Suite.OrderFlow"/>
  <testcase name="AccuPrice" time="0.008" classname="tec.AC40.Suite.OrderFlow"/>
  <testcase name="AccuPrice" time="0.009" classname="tec.AC40.Suite.OrderFlow"/>
  <testcase name="AccuPrice" time="0.003" classname="tec.AC40.Suite.OrderFlow"/>
  <testcase name="AccuPrice" time="0.001" classname="tec.AC40.Suite.OrderFlow"/>
  <testcase name="AccuPrice" time="0.009" classname="tec.AC40.Suite.OrderFlow"/>
  <testcase name="AccuPrice" time="0.007" classname="tec.AC40.Suite.OrderFlow"/>
  <testcase name="AccuPrice" time="0.006" classname="tec.AC40.Suite.OrderFlow"/>
  <testcase name="AccuPrice" time="0.001" classname="tec.AC40.Suite.OrderFlow"/>
  <testcase name="AccuPrice" time="0.006" classname="tec.AC40.Suite.OrderFlow"/>
  <testcase name="AccuPrice" time="0.009" classname="tec.AC40.Suite.OrderFlow"/>
  <testcase name="AccuPrice" time="0.007" classname="tec.AC40.Suite.OrderFlow"/>
  <testcase name="AccuPrice" time="0.005" classname="tec.AC40.Suite.OrderFlow"/>
  <testcase name="AccuPrice" time="0.013" classname="tec.AC40.Suite.OrderFlow"/>
  <testcase name="AccuPrice" time="0.006" classname="tec.AC40.Suite.OrderFlow"/>
  <testcase name="AccuPrice" time="0.003" classname="tec.AC40.Suite.OrderFlow"/>
  <testcase name="AccuPrice" time="0.008" classname="tec.AC40.Suite.OrderFlow"/>
  <testcase name="AccuPrice" time="0.004" classname="tec.AC40.Suite.OrderFlow"/>
  <testcase name="AccuPrice" time="0.007" classname="tec.AC40.Suite.OrderFlow"/>
  <testcase name="AccuPrice" time="0.006" classname="tec.AC40.Suite.OrderFlow"/>
  <testcase name="AccuPrice" time="0.007" classname="tec.AC40.Suite.OrderFlow"/>
  <testcase name="AccuPrice" time="0.007" classname="tec.AC40.Suite.OrderFlow"/>
  <testcase name="AccuPrice" time="0.007" classname="tec.AC40.Suite.OrderFlow"/>
  <testcase name="AccuPrice" time="0.005" classname="tec.AC40.Suite.OrderFlow"/>
  <testcase name="AccuPrice" time="0.034" classname="tec.AC40.Suite.OrderFlow"/>
  <testcase name="AccuPrice" time="0.006" classname="tec.AC40.Suite.OrderFlow"/>
  <testcase name="AccuPrice" time="0.008" classname="tec.AC40.Suite.OrderFlow"/>
  <testcase name="AccuPrice" time="0.001" classname="tec.AC40.Suite.OrderFlow"/>
  <testcase name="AccuPrice" time="0.004" classname="tec.AC40.Suite.OrderFlow"/>
  <testcase name="AccuPrice" time="0.004" classname="tec.AC40.Suite.OrderFlow"/>
  <testcase name="AccuPrice" time="0.006" classname="tec.AC40.Suite.OrderFlow"/>
  <testcase name="AccuPrice" time="0.003" classname="tec.AC40.Suite.OrderFlow"/>
  <testcase name="AccuPrice" time="0.008" classname="tec.AC40.Suite.OrderFlow"/>
  <testcase name="AccuPrice" time="0.004" classname="tec.AC40.Suite.OrderFlow"/>
  <testcase name="AccuPrice" time="0.001" classname="tec.AC40.Suite.OrderFlow"/>
  <testcase name="AccuPrice" time="0.008" classname="tec.AC40.Suite.OrderFlow"/>
  <testcase name="AccuPrice" time="0.004" classname="tec.AC40.Suite.OrderFlow"/>
  <testcase name="AccuPrice" time="0.006" classname="tec.AC40.Suite.OrderFlow"/>
  <testcase name="AccuPrice" time="0.001" classname="tec.AC40.Suite.OrderFlow"/>
  <testcase name="AccuPrice" time="0.007" classname="tec.AC40.Suite.OrderFlow"/>
  <testcase name="AccuPrice" time="0.007" classname="tec.AC40.Suite.OrderFlow"/>
  <testcase name="AccuPrice" time="0.005" classname="tec.AC40.Suite.OrderFlow"/>
  <testcase name="AccuPrice" time="0.006" classname="tec.AC40.Suite.OrderFlow"/>
  <testcase name="AccuPrice" time="0.003" classname="tec.AC40.Suite.OrderFlow"/>
  <testcase name="AccuPrice" time="0.007" classname="tec.AC40.Suite.OrderFlow"/>
  <testcase name="AccuPrice" time="0.009" classname="tec.AC40.Suite.OrderFlow"/>
  <testcase name="AccuPrice" time="0.007" classname="tec.AC40.Suite.OrderFlow"/>
  <testcase name="AccuPrice" time="0.001" classname="tec.AC40.Suite.OrderFlow"/>
  <testcase name="AccuPrice" time="0.004" classname="tec.AC40.Suite.OrderFlow"/>
  <testcase name="AccuPrice" time="0.005" classname="tec.AC40.Suite.OrderFlow"/>
  <testcase name="AccuPrice" time="0.005" classname="tec.AC40.Suite.OrderFlow"/>
  <testcase name="AccuPrice" time="0.008" classname="tec.AC40.Suite.OrderFlow"/>
  <testcase name="AccuPrice" time="0.004" classname="tec.AC40.Suite.OrderFlow"/>
  <testcase name="AccuPrice" time="0.0" classname="tec.AC40.Suite.OrderFlow"/>
  <testcase name="AccuPrice" time="0.008" classname="tec.AC40.Suite.OrderFlow"/>
  <testcase name="AccuPrice" time="0.004" classname="tec.AC40.Suite.OrderFlow"/>
  <testcase name="AccuPrice" time="0.006" classname="tec.AC40.Suite.OrderFlow"/>
  <testcase name="AccuPrice" time="0.006" classname="tec.AC40.Suite.OrderFlow"/>
  <testcase name="AccuPrice" time="0.006" classname="tec.AC40.Suite.OrderFlow"/>
  <testcase name="AccuPrice" time="0.005" classname="tec.AC40.Suite.OrderFlow"/>
  <testcase name="AccuPrice" time="0.001" classname="tec.AC40.Suite.OrderFlow"/>
  <testcase name="AccuPrice" time="0.008" classname="tec.AC40.Suite.OrderFlow"/>
  <testcase name="AccuPrice" time="0.001" classname="tec.AC40.Suite.OrderFlow"/>
  <testcase name="AccuPrice" time="0.009" classname="tec.AC40.Suite.OrderFlow"/>
  <testcase name="AccuPrice" time="0.005" classname="tec.AC40.Suite.OrderFlow"/>
  <testcase name="AccuPrice" time="0.005" classname="tec.AC40.Suite.OrderFlow"/>
  <testcase name="AccuPrice" time="0.004" classname="tec.AC40.Suite.OrderFlow"/>
  <testcase name="AccuPrice" time="0.006" classname="tec.AC40.Suite.OrderFlow"/>
  <testcase name="AccuPrice" time="0.006" classname="tec.AC40.Suite.OrderFlow"/>
  <testcase name="AccuPrice" time="0.007" classname="tec.AC40.Suite.OrderFlow"/>
  <testcase name="AccuPrice" time="0.004" classname="tec.AC40.Suite.OrderFlow"/>
  <testcase name="AccuPrice" time="0.001" classname="tec.AC40.Suite.OrderFlow"/>
  <testcase name="AccuPrice" time="0.008" classname="tec.AC40.Suite.OrderFlow"/>
  <testcase name="AccuPrice" time="0.004" classname="tec.AC40.Suite.OrderFlow"/>
  <testcase name="AccuPrice" time="0.007" classname="tec.AC40.Suite.OrderFlow"/>
  <testcase name="AccuPrice" time="0.004" classname="tec.AC40.Suite.OrderFlow"/>
  <testcase name="AccuPrice" time="0.001" classname="tec.AC40.Suite.OrderFlow"/>
  <testcase name="AccuPrice" time="0.005" classname="tec.AC40.Suite.OrderFlow"/>
  <testcase name="AccuPrice" time="0.005" classname="tec.AC40.Suite.OrderFlow"/>
  <testcase name="AccuPrice" time="0.005" classname="tec.AC40.Suite.OrderFlow"/>
  <testcase name="AccuPrice" time="0.006" classname="tec.AC40.Suite.OrderFlow"/>
  <testcase name="AccuPrice" time="0.005" classname="tec.AC40.Suite.OrderFlow"/>
  <testcase name="AccuPrice" time="0.001" classname="tec.AC40.Suite.OrderFlow"/>
  <testcase name="AccuPrice" time="0.008" classname="tec.AC40.Suite.OrderFlow"/>
  <testcase name="AccuPrice" time="0.004" classname="tec.AC40.Suite.OrderFlow"/>
  <testcase name="AccuPrice" time="0.006" classname="tec.AC40.Suite.OrderFlow"/>
  <testcase name="AccuPrice" time="0.005" classname="tec.AC40.Suite.OrderFlow"/>
  <testcase name="AccuPrice" time="0.001" classname="tec.AC40.Suite.OrderFlow"/>
  <testcase name="AccuPrice" time="0.008" classname="tec.AC40.Suite.OrderFlow"/>
  <testcase name="AccuPrice" time="0.007" classname="tec.AC40.Suite.OrderFlow"/>
  <testcase name="AccuPrice" time="0.006" classname="tec.AC40.Suite.OrderFlow"/>
  <testcase name="AccuPrice" time="0.006" classname="tec.AC40.Suite.OrderFlow"/>
  <testcase name="AccuPrice" time="0.001" classname="tec.AC40.Suite.OrderFlow"/>
  <testcase name="AccuPrice" time="0.005" classname="tec.AC40.Suite.OrderFlow"/>
  <testcase name="AccuPrice" time="0.005" classname="tec.AC40.Suite.OrderFlow"/>
  <testcase name="AccuPrice" time="0.006" classname="tec.AC40.Suite.OrderFlow"/>
  <testcase name="AccuPrice" time="0.006" classname="tec.AC40.Suite.OrderFlow"/>
  <testcase name="AccuPrice" time="0.007" classname="tec.AC40.Suite.OrderFlow"/>
  <testcase name="AccuPrice" time="0.004" classname="tec.AC40.Suite.OrderFlow"/>
  <testcase name="AccuPrice" time="0.005" classname="tec.AC40.Suite.OrderFlow"/>
  <testcase name="AccuPrice" time="0.008" classname="tec.AC40.Suite.OrderFlow"/>
  <testcase name="AccuPrice" time="0.004" classname="tec.AC40.Suite.OrderFlow"/>
  <testcase name="AccuPrice" time="0.005" classname="tec.AC40.Suite.OrderFlow"/>
  <testcase name="AccuPrice" time="0.005" classname="tec.AC40.Suite.OrderFlow"/>
  <testcase name="AccuPrice" time="0.011" classname="tec.AC40.Suite.OrderFlow"/>
  <testcase name="AccuPrice" time="0.004" classname="tec.AC40.Suite.OrderFlow"/>
  <testcase name="AccuPrice" time="0.013" classname="tec.AC40.Suite.OrderFlow"/>
  <testcase name="AccuPrice" time="0.004" classname="tec.AC40.Suite.OrderFlow"/>
  <testcase name="AccuPrice" time="0.004" classname="tec.AC40.Suite.OrderFlow"/>
  <testcase name="AccuPrice" time="0.004" classname="tec.AC40.Suite.OrderFlow"/>
  <testcase name="AccuPrice" time="0.006" classname="tec.AC40.Suite.OrderFlow"/>
  <testcase name="AccuPrice" time="0.007" classname="tec.AC40.Suite.OrderFlow"/>
  <testcase name="AccuPrice" time="0.006" classname="tec.AC40.Suite.OrderFlow"/>
  <testcase name="AccuPrice" time="0.006" classname="tec.AC40.Suite.OrderFlow"/>
  <testcase name="AccuPrice" time="0.006" classname="tec.AC40.Suite.OrderFlow"/>
  <testcase name="AccuPrice" time="0.004" classname="tec.AC40.Suite.OrderFlow"/>
  <testcase name="AccuPrice" time="0.004" classname="tec.AC40.Suite.OrderFlow"/>
  <testcase name="AccuPrice" time="0.004" classname="tec.AC40.Suite.OrderFlow"/>
  <testcase name="AccuPrice" time="0.003" classname="tec.AC40.Suite.OrderFlow"/>
  <testcase name="AccuPrice" time="0.003" classname="tec.AC40.Suite.OrderFlow"/>
  <testcase name="AccuPrice" time="0.008" classname="tec.AC40.Suite.OrderFlow"/>
  <testcase name="AccuPrice" time="0.007" classname="tec.AC40.Suite.OrderFlow"/>
  <testcase name="AccuPrice" time="0.004" classname="tec.AC40.Suite.OrderFlow"/>
  <testcase name="AccuPrice" time="0.006" classname="tec.AC40.Suite.OrderFlow"/>
  <testcase name="AccuPrice" time="0.005" classname="tec.AC40.Suite.OrderFlow"/>
  <testcase name="AccuPrice" time="0.005" classname="tec.AC40.Suite.OrderFlow"/>
  <testcase name="AccuPrice" time="0.004" classname="tec.AC40.Suite.OrderFlow"/>
  <testcase name="AccuPrice" time="0.004" classname="tec.AC40.Suite.OrderFlow"/>
  <testcase name="AccuPrice" time="0.009" classname="tec.AC40.Suite.OrderFlow"/>
  <testcase name="AccuPrice" time="0.005" classname="tec.AC40.Suite.OrderFlow"/>
  <testcase name="AccuPrice" time="0.006" classname="tec.AC40.Suite.OrderFlow"/>
  <testcase name="AccuPrice" time="0.004" classname="tec.AC40.Suite.OrderFlow"/>
  <testcase name="AccuPrice" time="0.005" classname="tec.AC40.Suite.OrderFlow"/>
  <testcase name="AccuPrice" time="0.003" classname="tec.AC40.Suite.OrderFlow"/>
  <testcase name="AccuPrice" time="0.003" classname="tec.AC40.Suite.OrderFlow"/>
  <testcase name="AccuPrice" time="0.003" classname="tec.AC40.Suite.OrderFlow"/>
  <testcase name="AccuPrice" time="0.003" classname="tec.AC40.Suite.OrderFlow"/>
  <testcase name="AccuPrice" time="0.005" classname="tec.AC40.Suite.OrderFlow"/>
  <testcase name="AccuPrice" time="0.005" classname="tec.AC40.Suite.OrderFlow"/>
  <testcase name="AccuPrice" time="0.008" classname="tec.AC40.Suite.OrderFlow"/>
  <testcase name="AccuPrice" time="0.005" classname="tec.AC40.Suite.OrderFlow"/>
  <testcase name="AccuPrice" time="0.006" classname="tec.AC40.Suite.OrderFlow"/>
  <testcase name="AccuPrice" time="0.004" classname="tec.AC40.Suite.OrderFlow"/>
  <testcase name="AccuPrice" time="0.005" classname="tec.AC40.Suite.OrderFlow"/>
  <testcase name="AccuPrice" time="0.005" classname="tec.AC40.Suite.OrderFlow"/>
  <testcase name="AccuPrice" time="0.01" classname="tec.AC40.Suite.OrderFlow"/>
  <testcase name="AccuPrice" time="0.003" classname="tec.AC40.Suite.OrderFlow"/>
  <testcase name="AccuPrice" time="0.01" classname="tec.AC40.Suite.OrderFlow"/>
  <testcase name="AccuPrice" time="0.004" classname="tec.AC40.Suite.OrderFlow"/>
  <testcase name="AccuPrice" time="0.009" classname="tec.AC40.Suite.OrderFlow"/>
  <testcase name="AccuPrice" time="0.006" classname="tec.AC40.Suite.OrderFlow"/>
  <testcase name="AccuPrice" time="0.001" classname="tec.AC40.Suite.OrderFlow"/>
  <testcase name="AccuPrice" time="0.012" classname="tec.AC40.Suite.OrderFlow"/>
  <testcase name="AccuPrice" time="0.006" classname="tec.AC40.Suite.OrderFlow"/>
  <testcase name="AccuPrice" time="0.005" classname="tec.AC40.Suite.OrderFlow"/>
  <testcase name="AccuPrice" time="0.005" classname="tec.AC40.Suite.OrderFlow"/>
  <testcase name="AccuPrice" time="0.004" classname="tec.AC40.Suite.OrderFlow"/>
  <testcase name="AccuPrice" time="0.01" classname="tec.AC40.Suite.OrderFlow"/>
  <testcase name="AccuPrice" time="0.0" classname="tec.AC40.Suite.OrderFlow"/>
  <testcase name="AccuPrice" time="0.008" classname="tec.AC40.Suite.OrderFlow"/>
  <testcase name="AccuPrice" time="0.003" classname="tec.AC40.Suite.OrderFlow"/>
  <testcase name="AccuPrice" time="0.006" classname="tec.AC40.Suite.OrderFlow"/>
  <testcase name="AccuPrice" time="0.004" classname="tec.AC40.Suite.OrderFlow"/>
  <testcase name="AccuPrice" time="0.006" classname="tec.AC40.Suite.OrderFlow"/>
  <testcase name="AccuPrice" time="0.007" classname="tec.AC40.Suite.OrderFlow"/>
  <testcase name="AccuPrice" time="0.005" classname="tec.AC40.Suite.OrderFlow"/>
  <testcase name="AccuPrice" time="0.006" classname="tec.AC40.Suite.OrderFlow"/>
  <testcase name="AccuPrice" time="0.004" classname="tec.AC40.Suite.OrderFlow"/>
  <testcase name="AccuPrice" time="0.004" classname="tec.AC40.Suite.OrderFlow"/>
  <testcase name="AccuPrice" time="0.004" classname="tec.AC40.Suite.OrderFlow"/>
  <testcase name="AccuPrice" time="0.004" classname="tec.AC40.Suite.OrderFlow"/>
  <testcase name="AccuPrice" time="0.005" classname="tec.AC40.Suite.OrderFlow"/>
  <testcase name="AccuPrice" time="0.006" classname="tec.AC40.Suite.OrderFlow"/>
  <testcase name="AccuPrice" time="0.004" classname="tec.AC40.Suite.OrderFlow"/>
  <testcase name="AccuPrice" time="0.004" classname="tec.AC40.Suite.OrderFlow"/>
  <testcase name="AccuPrice" time="0.006" classname="tec.AC40.Suite.OrderFlow"/>
  <testcase name="AccuPrice" time="0.005" classname="tec.AC40.Suite.OrderFlow"/>
  <testcase name="AccuPrice" time="0.005" classname="tec.AC40.Suite.OrderFlow"/>
  <testcase name="AccuPrice" time="0.007" classname="tec.AC40.Suite.OrderFlow"/>
  <testcase name="AccuPrice" time="0.007" classname="tec.AC40.Suite.OrderFlow"/>
  <testcase name="AccuPrice" time="0.007" classname="tec.AC40.Suite.OrderFlow"/>
  <testcase name="AccuPrice" time="0.005" classname="tec.AC40.Suite.OrderFlow"/>
  <testcase name="AccuPrice" time="0.015" classname="tec.AC40.Suite.OrderFlow"/>
  <testcase name="AccuPrice" time="0.017" classname="tec.AC40.Suite.OrderFlow"/>
  <testcase name="AccuPrice" time="0.009" classname="tec.AC40.Suite.OrderFlow"/>
  <testcase name="AccuPrice" time="0.008" classname="tec.AC40.Suite.OrderFlow"/>
  <testcase name="AccuPrice" time="0.005" classname="tec.AC40.Suite.OrderFlow"/>
  <testcase name="AccuPrice" time="0.007" classname="tec.AC40.Suite.OrderFlow"/>
  <testcase name="AccuPrice" time="0.005" classname="tec.AC40.Suite.OrderFlow"/>
  <testcase name="AccuPrice" time="0.004" classname="tec.AC40.Suite.OrderFlow"/>
  <testcase name="AccuPrice" time="0.004" classname="tec.AC40.Suite.OrderFlow"/>
  <testcase name="AccuPrice" time="0.006" classname="tec.AC40.Suite.OrderFlow"/>
  <testcase name="AccuPrice" time="0.006" classname="tec.AC40.Suite.OrderFlow"/>
  <testcase name="AccuPrice" time="0.007" classname="tec.AC40.Suite.OrderFlow"/>
  <testcase name="AccuPrice" time="0.005" classname="tec.AC40.Suite.OrderFlow"/>
  <testcase name="AccuPrice" time="0.006" classname="tec.AC40.Suite.OrderFlow"/>
  <testcase name="AccuPrice" time="0.006" classname="tec.AC40.Suite.OrderFlow"/>
  <testcase name="AccuPrice" time="0.003" classname="tec.AC40.Suite.OrderFlow"/>
  <testcase name="AccuPrice" time="0.005" classname="tec.AC40.Suite.OrderFlow"/>
  <testcase name="AccuPrice" time="0.004" classname="tec.AC40.Suite.OrderFlow"/>
  <testcase name="AccuPrice" time="0.004" classname="tec.AC40.Suite.OrderFlow"/>
  <testcase name="AccuPrice" time="0.005" classname="tec.AC40.Suite.OrderFlow"/>
  <testcase name="AccuPrice" time="0.005" classname="tec.AC40.Suite.OrderFlow"/>
  <testcase name="AccuPrice" time="0.004" classname="tec.AC40.Suite.OrderFlow"/>
  <testcase name="AccuPrice" time="0.005" classname="tec.AC40.Suite.OrderFlow"/>
  <testcase name="AccuPrice" time="0.005" classname="tec.AC40.Suite.OrderFlow"/>
  <testcase name="AccuPrice" time="0.006" classname="tec.AC40.Suite.OrderFlow"/>
  <testcase name="AccuPrice" time="0.005" classname="tec.AC40.Suite.OrderFlow"/>
  <testcase name="AccuPrice" time="0.006" classname="tec.AC40.Suite.OrderFlow"/>
  <testcase name="AccuPrice" time="0.005" classname="tec.AC40.Suite.OrderFlow"/>
  <testcase name="AccuPrice" time="0.001" classname="tec.AC40.Suite.OrderFlow"/>
  <testcase name="AccuPrice" time="0.008" classname="tec.AC40.Suite.OrderFlow"/>
  <testcase name="AccuPrice" time="0.001" classname="tec.AC40.Suite.OrderFlow"/>
  <testcase name="AccuPrice" time="0.008" classname="tec.AC40.Suite.OrderFlow"/>
  <testcase name="AccuPrice" time="0.004" classname="tec.AC40.Suite.OrderFlow"/>
  <testcase name="AccuPrice" time="0.004" classname="tec.AC40.Suite.OrderFlow"/>
  <testcase name="AccuPrice" time="0.005" classname="tec.AC40.Suite.OrderFlow"/>
  <testcase name="AccuPrice" time="0.005" classname="tec.AC40.Suite.OrderFlow"/>
  <testcase name="AccuPrice" time="0.006" classname="tec.AC40.Suite.OrderFlow"/>
  <testcase name="AccuPrice" time="0.006" classname="tec.AC40.Suite.OrderFlow"/>
  <testcase name="AccuPrice" time="0.005" classname="tec.AC40.Suite.OrderFlow"/>
  <testcase name="AccuPrice" time="0.004" classname="tec.AC40.Suite.OrderFlow"/>
  <testcase name="AccuPrice" time="0.005" classname="tec.AC40.Suite.OrderFlow"/>
  <testcase name="AccuPrice" time="0.004" classname="tec.AC40.Suite.OrderFlow"/>
  <testcase name="AccuPrice" time="0.005" classname="tec.AC40.Suite.OrderFlow"/>
  <testcase name="AccuPrice" time="0.005" classname="tec.AC40.Suite.OrderFlow"/>
  <testcase name="AccuPrice" time="0.003" classname="tec.AC40.Suite.OrderFlow"/>
  <testcase name="AccuPrice" time="0.004" classname="tec.AC40.Suite.OrderFlow"/>
  <testcase name="AccuPrice" time="0.007" classname="tec.AC40.Suite.OrderFlow"/>
  <testcase name="AccuPrice" time="0.006" classname="tec.AC40.Suite.OrderFlow"/>
  <testcase name="AccuPrice" time="0.005" classname="tec.AC40.Suite.OrderFlow"/>
  <testcase name="AccuPrice" time="0.004" classname="tec.AC40.Suite.OrderFlow"/>
  <testcase name="AccuPrice" time="0.001" classname="tec.AC40.Suite.OrderFlow"/>
  <testcase name="AccuPrice" time="0.011" classname="tec.AC40.Suite.OrderFlow"/>
  <testcase name="AccuPrice" time="0.006" classname="tec.AC40.Suite.OrderFlow"/>
  <testcase name="AccuPrice" time="0.006" classname="tec.AC40.Suite.OrderFlow"/>
  <testcase name="AccuPrice" time="0.004" classname="tec.AC40.Suite.OrderFlow"/>
  <testcase name="AccuPrice" time="0.005" classname="tec.AC40.Suite.OrderFlow"/>
  <testcase name="AccuPrice" time="0.004" classname="tec.AC40.Suite.OrderFlow"/>
  <testcase name="AccuPrice" time="0.001" classname="tec.AC40.Suite.OrderFlow"/>
  <testcase name="AccuPrice" time="0.006" classname="tec.AC40.Suite.OrderFlow"/>
  <testcase name="AccuPrice" time="0.004" classname="tec.AC40.Suite.OrderFlow"/>
  <testcase name="AccuPrice" time="0.003" classname="tec.AC40.Suite.OrderFlow"/>
  <testcase name="AccuPrice" time="0.002" classname="tec.AC40.Suite.OrderFlow"/>
  <testcase name="AccuPrice" time="0.004" classname="tec.AC40.Suite.OrderFlow"/>
  <testcase name="AccuPrice" time="0.005" classname="tec.AC40.Suite.OrderFlow"/>
  <testcase name="AccuPrice" time="0.0" classname="tec.AC40.Suite.OrderFlow"/>
  <testcase name="AccuPrice" time="0.004" classname="tec.AC40.Suite.OrderFlow"/>
  <testcase name="AccuPrice" time="0.005" classname="tec.AC40.Suite.OrderFlow"/>
  <testcase name="AccuPrice" time="0.009" classname="tec.AC40.Suite.OrderFlow"/>
  <testcase name="AccuPrice" time="0.005" classname="tec.AC40.Suite.OrderFlow"/>
  <testcase name="AccuPrice" time="0.007" classname="tec.AC40.Suite.OrderFlow"/>
  <testcase name="AccuPrice" time="0.005" classname="tec.AC40.Suite.OrderFlow"/>
  <testcase name="AccuPrice" time="0.006" classname="tec.AC40.Suite.OrderFlow"/>
  <testcase name="AccuPrice" time="0.006" classname="tec.AC40.Suite.OrderFlow"/>
  <testcase name="AccuPrice" time="0.004" classname="tec.AC40.Suite.OrderFlow"/>
  <testcase name="AccuPrice" time="0.003" classname="tec.AC40.Suite.OrderFlow"/>
  <testcase name="AccuPrice" time="0.005" classname="tec.AC40.Suite.OrderFlow"/>
  <testcase name="AccuPrice" time="0.007" classname="tec.AC40.Suite.OrderFlow"/>
  <testcase name="AccuPrice" time="0.024" classname="tec.AC40.Suite.OrderFlow"/>
  <testcase name="AccuPrice" time="0.003" classname="tec.AC40.Suite.OrderFlow"/>
  <testcase name="AccuPrice" time="0.063" classname="tec.AC40.Suite.OrderFlow"/>
  <testcase name="AccuPrice" time="0.028" classname="tec.AC40.Suite.OrderFlow"/>
  <testcase name="AccuPrice" time="0.003" classname="tec.AC40.Suite.OrderFlow"/>
  <testcase name="AccuPrice" time="0.002" classname="tec.AC40.Suite.OrderFlow"/>
  <testcase name="AccuPrice" time="0.003" classname="tec.AC40.Suite.OrderFlow"/>
  <testcase name="AccuPrice" time="0.003" classname="tec.AC40.Suite.OrderFlow"/>
  <testcase name="AccuPrice" time="0.001" classname="tec.AC40.Suite.OrderFlow"/>
  <testcase name="AccuPrice" time="0.004" classname="tec.AC40.Suite.OrderFlow"/>
  <testcase name="AccuPrice" time="0.003" classname="tec.AC40.Suite.OrderFlow"/>
  <testcase name="AccuPrice" time="0.002" classname="tec.AC40.Suite.OrderFlow"/>
  <testcase name="AccuPrice" time="0.002" classname="tec.AC40.Suite.OrderFlow"/>
  <testcase name="AccuPrice" time="0.001" classname="tec.AC40.Suite.OrderFlow"/>
  <testcase name="AccuPrice" time="0.003" classname="tec.AC40.Suite.OrderFlow"/>
  <testcase name="AccuPrice" time="0.003" classname="tec.AC40.Suite.OrderFlow"/>
  <testcase name="AccuPrice" time="0.002" classname="tec.AC40.Suite.OrderFlow"/>
  <testcase name="AccuPrice" time="0.003" classname="tec.AC40.Suite.OrderFlow"/>
  <testcase name="AccuPrice" time="0.002" classname="tec.AC40.Suite.OrderFlow"/>
  <testcase name="AccuPrice" time="0.007" classname="tec.AC40.Suite.OrderFlow"/>
  <testcase name="AccuPrice" time="0.004" classname="tec.AC40.Suite.OrderFlow"/>
  <testcase name="AccuPrice" time="0.002" classname="tec.AC40.Suite.OrderFlow"/>
  <testcase name="AccuPrice" time="0.002" classname="tec.AC40.Suite.OrderFlow"/>
  <testcase name="AccuPrice" time="0.002" classname="tec.AC40.Suite.OrderFlow"/>
  <testcase name="AccuPrice" time="0.003" classname="tec.AC40.Suite.OrderFlow"/>
  <testcase name="AccuPrice" time="0.003" classname="tec.AC40.Suite.OrderFlow"/>
  <testcase name="AccuPrice" time="0.027" classname="tec.AC40.Suite.OrderFlow"/>
  <testcase name="AccuPrice" time="0.003" classname="tec.AC40.Suite.OrderFlow"/>
  <testcase name="AccuPrice" time="0.032" classname="tec.AC40.Suite.OrderFlow"/>
  <testcase name="AccuPrice" time="0.007" classname="tec.AC40.Suite.OrderFlow"/>
  <testcase name="AccuPrice" time="0.006" classname="tec.AC40.Suite.OrderFlow"/>
  <testcase name="AccuPrice" time="0.005" classname="tec.AC40.Suite.OrderFlow"/>
  <testcase name="AccuPrice" time="0.004" classname="tec.AC40.Suite.OrderFlow"/>
  <testcase name="AccuPrice" time="0.004" classname="tec.AC40.Suite.OrderFlow"/>
  <testcase name="AccuPrice" time="0.006" classname="tec.AC40.Suite.OrderFlow"/>
  <testcase name="AccuPrice" time="0.001" classname="tec.AC40.Suite.OrderFlow"/>
  <testcase name="AccuPrice" time="0.01" classname="tec.AC40.Suite.OrderFlow"/>
  <testcase name="AccuPrice" time="0.008" classname="tec.AC40.Suite.OrderFlow"/>
  <testcase name="AccuPrice" time="0.006" classname="tec.AC40.Suite.OrderFlow"/>
  <testcase name="AccuPrice" time="0.0" classname="tec.AC40.Suite.OrderFlow"/>
  <testcase name="AccuPrice" time="0.005" classname="tec.AC40.Suite.OrderFlow"/>
  <testcase name="AccuPrice" time="0.004" classname="tec.AC40.Suite.OrderFlow"/>
  <testcase name="AccuPrice" time="0.003" classname="tec.AC40.Suite.OrderFlow"/>
  <testcase name="AccuPrice" time="0.006" classname="tec.AC40.Suite.OrderFlow"/>
  <testcase name="AccuPrice" time="0.007" classname="tec.AC40.Suite.OrderFlow"/>
  <testcase name="AccuPrice" time="0.009" classname="tec.AC40.Suite.OrderFlow"/>
  <testcase name="AccuPrice" time="0.007" classname="tec.AC40.Suite.OrderFlow"/>
  <testcase name="AccuPrice" time="0.004" classname="tec.AC40.Suite.OrderFlow"/>
  <testcase name="AccuPrice" time="0.001" classname="tec.AC40.Suite.OrderFlow"/>
  <testcase name="AccuPrice" time="0.003" classname="tec.AC40.Suite.OrderFlow"/>
  <testcase name="AccuPrice" time="0.0" classname="tec.AC40.Suite.OrderFlow"/>
  <testcase name="AccuPrice" time="0.0" classname="tec.AC40.Suite.OrderFlow"/>
  <testcase name="AccuPrice" time="0.001" classname="tec.AC40.Suite.OrderFlow"/>
  <testcase name="AccuPrice" time="0.001" classname="tec.AC40.Suite.OrderFlow"/>
  <testcase name="AccuPrice" time="0.0" classname="tec.AC40.Suite.OrderFlow"/>
  <testcase name="AccuPrice" time="0.0" classname="tec.AC40.Suite.OrderFlow"/>
  <testcase name="AccuPrice" time="0.0" classname="tec.AC40.Suite.OrderFlow"/>
  <testcase name="AccuPrice" time="0.001" classname="tec.AC40.Suite.OrderFlow"/>
  <testcase name="AccuPrice" time="0.0" classname="tec.AC40.Suite.OrderFlow"/>
  <testcase name="AccuPrice" time="0.001" classname="tec.AC40.Suite.OrderFlow"/>
  <testcase name="AccuPrice" time="0.001" classname="tec.AC40.Suite.OrderFlow"/>
</testsuite> <!-- Default test -->
