<?xml version="1.0" encoding="UTF-8"?>
<!-- Generated by org.testng.reporters.JUnitXMLReporter -->
<testsuite hostname="RAMPRASAD-QA" name="Test" tests="448" failures="0" timestamp="3 Apr 2019 22:25:46 GMT" time="21287.123" errors="0">
  <testcase name="AccuPrice" time="0.0" classname="tec.AC40.Suite.OrderFlow"/>
  <testcase name="AccuPrice" time="0.0" classname="tec.AC40.Suite.OrderFlow"/>
  <testcase name="AccuPrice" time="0.0" classname="tec.AC40.Suite.OrderFlow"/>
  <testcase name="AccuPrice" time="0.0" classname="tec.AC40.Suite.OrderFlow"/>
  <testcase name="AccuPrice" time="0.0" classname="tec.AC40.Suite.OrderFlow"/>
  <testcase name="AccuPrice" time="0.0" classname="tec.AC40.Suite.OrderFlow"/>
  <testcase name="AccuPrice" time="0.016" classname="tec.AC40.Suite.OrderFlow"/>
  <testcase name="AccuPrice" time="0.0" classname="tec.AC40.Suite.OrderFlow"/>
  <testcase name="AccuPrice" time="0.0" classname="tec.AC40.Suite.OrderFlow"/>
  <testcase name="AccuPrice" time="0.0" classname="tec.AC40.Suite.OrderFlow"/>
  <testcase name="AccuPrice" time="0.016" classname="tec.AC40.Suite.OrderFlow"/>
  <testcase name="AccuPrice" time="0.0" classname="tec.AC40.Suite.OrderFlow"/>
  <testcase name="AccuPrice" time="0.0" classname="tec.AC40.Suite.OrderFlow"/>
  <testcase name="AccuPrice" time="0.0" classname="tec.AC40.Suite.OrderFlow"/>
  <testcase name="AccuPrice" time="0.015" classname="tec.AC40.Suite.OrderFlow"/>
  <testcase name="AccuPrice" time="0.0" classname="tec.AC40.Suite.OrderFlow"/>
  <testcase name="AccuPrice" time="0.0" classname="tec.AC40.Suite.OrderFlow"/>
  <testcase name="AccuPrice" time="0.0" classname="tec.AC40.Suite.OrderFlow"/>
  <testcase name="AccuPrice" time="0.003" classname="tec.AC40.Suite.OrderFlow"/>
  <testcase name="AccuPrice" time="0.002" classname="tec.AC40.Suite.OrderFlow"/>
  <testcase name="AccuPrice" time="0.0" classname="tec.AC40.Suite.OrderFlow"/>
  <testcase name="AccuPrice" time="0.0" classname="tec.AC40.Suite.OrderFlow"/>
  <testcase name="AccuPrice" time="0.0" classname="tec.AC40.Suite.OrderFlow"/>
  <testcase name="AccuPrice" time="0.0" classname="tec.AC40.Suite.OrderFlow"/>
  <testcase name="AccuPrice" time="0.0" classname="tec.AC40.Suite.OrderFlow"/>
  <testcase name="AccuPrice" time="0.0" classname="tec.AC40.Suite.OrderFlow"/>
  <testcase name="AccuPrice" time="0.0" classname="tec.AC40.Suite.OrderFlow"/>
  <testcase name="AccuPrice" time="0.0" classname="tec.AC40.Suite.OrderFlow"/>
  <testcase name="AccuPrice" time="0.0" classname="tec.AC40.Suite.OrderFlow"/>
  <testcase name="AccuPrice" time="0.0" classname="tec.AC40.Suite.OrderFlow"/>
  <testcase name="AccuPrice" time="0.0" classname="tec.AC40.Suite.OrderFlow"/>
  <testcase name="AccuPrice" time="0.0" classname="tec.AC40.Suite.OrderFlow"/>
  <testcase name="AccuPrice" time="0.0" classname="tec.AC40.Suite.OrderFlow"/>
  <testcase name="AccuPrice" time="0.015" classname="tec.AC40.Suite.OrderFlow"/>
  <testcase name="AccuPrice" time="0.0" classname="tec.AC40.Suite.OrderFlow"/>
  <testcase name="AccuPrice" time="0.0" classname="tec.AC40.Suite.OrderFlow"/>
  <testcase name="AccuPrice" time="0.0" classname="tec.AC40.Suite.OrderFlow"/>
  <testcase name="AccuPrice" time="0.0" classname="tec.AC40.Suite.OrderFlow"/>
  <testcase name="AccuPrice" time="0.016" classname="tec.AC40.Suite.OrderFlow"/>
  <testcase name="AccuPrice" time="0.0" classname="tec.AC40.Suite.OrderFlow"/>
  <testcase name="AccuPrice" time="0.0" classname="tec.AC40.Suite.OrderFlow"/>
  <testcase name="AccuPrice" time="0.0" classname="tec.AC40.Suite.OrderFlow"/>
  <testcase name="AccuPrice" time="0.0" classname="tec.AC40.Suite.OrderFlow"/>
  <testcase name="AccuPrice" time="0.015" classname="tec.AC40.Suite.OrderFlow"/>
  <testcase name="AccuPrice" time="2105.036" classname="tec.AC40.Suite.OrderFlow"/>
  <testcase name="AccuPrice" time="2110.976" classname="tec.AC40.Suite.OrderFlow"/>
  <testcase name="AccuPrice" time="2008.495" classname="tec.AC40.Suite.OrderFlow"/>
  <testcase name="AccuPrice" time="2021.427" classname="tec.AC40.Suite.OrderFlow"/>
  <testcase name="AccuPrice" time="2002.116" classname="tec.AC40.Suite.OrderFlow"/>
  <testcase name="AccuPrice" time="0.0" classname="tec.AC40.Suite.OrderFlow"/>
  <testcase name="AccuPrice" time="2174.948" classname="tec.AC40.Suite.OrderFlow"/>
  <testcase name="AccuPrice" time="2168.63" classname="tec.AC40.Suite.OrderFlow"/>
  <testcase name="AccuPrice" time="2168.364" classname="tec.AC40.Suite.OrderFlow"/>
  <testcase name="AccuPrice" time="2226.791" classname="tec.AC40.Suite.OrderFlow"/>
  <testcase name="AccuPrice" time="2246.233" classname="tec.AC40.Suite.OrderFlow"/>
  <testcase name="AccuPrice" time="0.0" classname="tec.AC40.Suite.OrderFlow"/>
  <testcase name="AccuPrice" time="0.0" classname="tec.AC40.Suite.OrderFlow"/>
  <testcase name="AccuPrice" time="0.0" classname="tec.AC40.Suite.OrderFlow"/>
  <testcase name="AccuPrice" time="0.0" classname="tec.AC40.Suite.OrderFlow"/>
  <testcase name="AccuPrice" time="0.0" classname="tec.AC40.Suite.OrderFlow"/>
  <testcase name="AccuPrice" time="0.0" classname="tec.AC40.Suite.OrderFlow"/>
  <testcase name="AccuPrice" time="0.0" classname="tec.AC40.Suite.OrderFlow"/>
  <testcase name="AccuPrice" time="0.0" classname="tec.AC40.Suite.OrderFlow"/>
  <testcase name="AccuPrice" time="0.007" classname="tec.AC40.Suite.OrderFlow"/>
  <testcase name="AccuPrice" time="0.0" classname="tec.AC40.Suite.OrderFlow"/>
  <testcase name="AccuPrice" time="0.0" classname="tec.AC40.Suite.OrderFlow"/>
  <testcase name="AccuPrice" time="0.0" classname="tec.AC40.Suite.OrderFlow"/>
  <testcase name="AccuPrice" time="0.016" classname="tec.AC40.Suite.OrderFlow"/>
  <testcase name="AccuPrice" time="0.0" classname="tec.AC40.Suite.OrderFlow"/>
  <testcase name="AccuPrice" time="0.047" classname="tec.AC40.Suite.OrderFlow"/>
  <testcase name="AccuPrice" time="0.0" classname="tec.AC40.Suite.OrderFlow"/>
  <testcase name="AccuPrice" time="0.004" classname="tec.AC40.Suite.OrderFlow"/>
  <testcase name="AccuPrice" time="0.0" classname="tec.AC40.Suite.OrderFlow"/>
  <testcase name="AccuPrice" time="0.0" classname="tec.AC40.Suite.OrderFlow"/>
  <testcase name="AccuPrice" time="0.0" classname="tec.AC40.Suite.OrderFlow"/>
  <testcase name="AccuPrice" time="0.0" classname="tec.AC40.Suite.OrderFlow"/>
  <testcase name="AccuPrice" time="0.0" classname="tec.AC40.Suite.OrderFlow"/>
  <testcase name="AccuPrice" time="0.0" classname="tec.AC40.Suite.OrderFlow"/>
  <testcase name="AccuPrice" time="0.0" classname="tec.AC40.Suite.OrderFlow"/>
  <testcase name="AccuPrice" time="0.0" classname="tec.AC40.Suite.OrderFlow"/>
  <testcase name="AccuPrice" time="0.0" classname="tec.AC40.Suite.OrderFlow"/>
  <testcase name="AccuPrice" time="0.016" classname="tec.AC40.Suite.OrderFlow"/>
  <testcase name="AccuPrice" time="0.0" classname="tec.AC40.Suite.OrderFlow"/>
  <testcase name="AccuPrice" time="0.0" classname="tec.AC40.Suite.OrderFlow"/>
  <testcase name="AccuPrice" time="0.0" classname="tec.AC40.Suite.OrderFlow"/>
  <testcase name="AccuPrice" time="0.016" classname="tec.AC40.Suite.OrderFlow"/>
  <testcase name="AccuPrice" time="0.0" classname="tec.AC40.Suite.OrderFlow"/>
  <testcase name="AccuPrice" time="0.0" classname="tec.AC40.Suite.OrderFlow"/>
  <testcase name="AccuPrice" time="0.0" classname="tec.AC40.Suite.OrderFlow"/>
  <testcase name="AccuPrice" time="0.0" classname="tec.AC40.Suite.OrderFlow"/>
  <testcase name="AccuPrice" time="0.015" classname="tec.AC40.Suite.OrderFlow"/>
  <testcase name="AccuPrice" time="0.0" classname="tec.AC40.Suite.OrderFlow"/>
  <testcase name="AccuPrice" time="0.0" classname="tec.AC40.Suite.OrderFlow"/>
  <testcase name="AccuPrice" time="0.0" classname="tec.AC40.Suite.OrderFlow"/>
  <testcase name="AccuPrice" time="0.0" classname="tec.AC40.Suite.OrderFlow"/>
  <testcase name="AccuPrice" time="0.0" classname="tec.AC40.Suite.OrderFlow"/>
  <testcase name="AccuPrice" time="0.016" classname="tec.AC40.Suite.OrderFlow"/>
  <testcase name="AccuPrice" time="0.0" classname="tec.AC40.Suite.OrderFlow"/>
  <testcase name="AccuPrice" time="0.0" classname="tec.AC40.Suite.OrderFlow"/>
  <testcase name="AccuPrice" time="0.0" classname="tec.AC40.Suite.OrderFlow"/>
  <testcase name="AccuPrice" time="0.016" classname="tec.AC40.Suite.OrderFlow"/>
  <testcase name="AccuPrice" time="0.003" classname="tec.AC40.Suite.OrderFlow"/>
  <testcase name="AccuPrice" time="0.001" classname="tec.AC40.Suite.OrderFlow"/>
  <testcase name="AccuPrice" time="0.0" classname="tec.AC40.Suite.OrderFlow"/>
  <testcase name="AccuPrice" time="0.0" classname="tec.AC40.Suite.OrderFlow"/>
  <testcase name="AccuPrice" time="0.0" classname="tec.AC40.Suite.OrderFlow"/>
  <testcase name="AccuPrice" time="0.016" classname="tec.AC40.Suite.OrderFlow"/>
  <testcase name="AccuPrice" time="0.0" classname="tec.AC40.Suite.OrderFlow"/>
  <testcase name="AccuPrice" time="0.0" classname="tec.AC40.Suite.OrderFlow"/>
  <testcase name="AccuPrice" time="0.0" classname="tec.AC40.Suite.OrderFlow"/>
  <testcase name="AccuPrice" time="0.0" classname="tec.AC40.Suite.OrderFlow"/>
  <testcase name="AccuPrice" time="0.015" classname="tec.AC40.Suite.OrderFlow"/>
  <testcase name="AccuPrice" time="0.0" classname="tec.AC40.Suite.OrderFlow"/>
  <testcase name="AccuPrice" time="0.0" classname="tec.AC40.Suite.OrderFlow"/>
  <testcase name="AccuPrice" time="0.0" classname="tec.AC40.Suite.OrderFlow"/>
  <testcase name="AccuPrice" time="0.0" classname="tec.AC40.Suite.OrderFlow"/>
  <testcase name="AccuPrice" time="0.0" classname="tec.AC40.Suite.OrderFlow"/>
  <testcase name="AccuPrice" time="0.0" classname="tec.AC40.Suite.OrderFlow"/>
  <testcase name="AccuPrice" time="0.0" classname="tec.AC40.Suite.OrderFlow"/>
  <testcase name="AccuPrice" time="0.0" classname="tec.AC40.Suite.OrderFlow"/>
  <testcase name="AccuPrice" time="0.0" classname="tec.AC40.Suite.OrderFlow"/>
  <testcase name="AccuPrice" time="0.0" classname="tec.AC40.Suite.OrderFlow"/>
  <testcase name="AccuPrice" time="0.016" classname="tec.AC40.Suite.OrderFlow"/>
  <testcase name="AccuPrice" time="0.0" classname="tec.AC40.Suite.OrderFlow"/>
  <testcase name="AccuPrice" time="0.0" classname="tec.AC40.Suite.OrderFlow"/>
  <testcase name="AccuPrice" time="0.0" classname="tec.AC40.Suite.OrderFlow"/>
  <testcase name="AccuPrice" time="0.0" classname="tec.AC40.Suite.OrderFlow"/>
  <testcase name="AccuPrice" time="0.0" classname="tec.AC40.Suite.OrderFlow"/>
  <testcase name="AccuPrice" time="0.0" classname="tec.AC40.Suite.OrderFlow"/>
  <testcase name="AccuPrice" time="0.0" classname="tec.AC40.Suite.OrderFlow"/>
  <testcase name="AccuPrice" time="0.0" classname="tec.AC40.Suite.OrderFlow"/>
  <testcase name="AccuPrice" time="0.0" classname="tec.AC40.Suite.OrderFlow"/>
  <testcase name="AccuPrice" time="0.0" classname="tec.AC40.Suite.OrderFlow"/>
  <testcase name="AccuPrice" time="0.0" classname="tec.AC40.Suite.OrderFlow"/>
  <testcase name="AccuPrice" time="0.0" classname="tec.AC40.Suite.OrderFlow"/>
  <testcase name="AccuPrice" time="0.003" classname="tec.AC40.Suite.OrderFlow"/>
  <testcase name="AccuPrice" time="0.0" classname="tec.AC40.Suite.OrderFlow"/>
  <testcase name="AccuPrice" time="0.002" classname="tec.AC40.Suite.OrderFlow"/>
  <testcase name="AccuPrice" time="0.0" classname="tec.AC40.Suite.OrderFlow"/>
  <testcase name="AccuPrice" time="0.0" classname="tec.AC40.Suite.OrderFlow"/>
  <testcase name="AccuPrice" time="0.0" classname="tec.AC40.Suite.OrderFlow"/>
  <testcase name="AccuPrice" time="0.0" classname="tec.AC40.Suite.OrderFlow"/>
  <testcase name="AccuPrice" time="0.0" classname="tec.AC40.Suite.OrderFlow"/>
  <testcase name="AccuPrice" time="0.0" classname="tec.AC40.Suite.OrderFlow"/>
  <testcase name="AccuPrice" time="0.0" classname="tec.AC40.Suite.OrderFlow"/>
  <testcase name="AccuPrice" time="0.0" classname="tec.AC40.Suite.OrderFlow"/>
  <testcase name="AccuPrice" time="0.0" classname="tec.AC40.Suite.OrderFlow"/>
  <testcase name="AccuPrice" time="0.0" classname="tec.AC40.Suite.OrderFlow"/>
  <testcase name="AccuPrice" time="0.016" classname="tec.AC40.Suite.OrderFlow"/>
  <testcase name="AccuPrice" time="0.0" classname="tec.AC40.Suite.OrderFlow"/>
  <testcase name="AccuPrice" time="0.0" classname="tec.AC40.Suite.OrderFlow"/>
  <testcase name="AccuPrice" time="0.0" classname="tec.AC40.Suite.OrderFlow"/>
  <testcase name="AccuPrice" time="0.0" classname="tec.AC40.Suite.OrderFlow"/>
  <testcase name="AccuPrice" time="0.0" classname="tec.AC40.Suite.OrderFlow"/>
  <testcase name="AccuPrice" time="0.0" classname="tec.AC40.Suite.OrderFlow"/>
  <testcase name="AccuPrice" time="0.0" classname="tec.AC40.Suite.OrderFlow"/>
  <testcase name="AccuPrice" time="0.0" classname="tec.AC40.Suite.OrderFlow"/>
  <testcase name="AccuPrice" time="0.0" classname="tec.AC40.Suite.OrderFlow"/>
  <testcase name="AccuPrice" time="0.016" classname="tec.AC40.Suite.OrderFlow"/>
  <testcase name="AccuPrice" time="0.0" classname="tec.AC40.Suite.OrderFlow"/>
  <testcase name="AccuPrice" time="0.015" classname="tec.AC40.Suite.OrderFlow"/>
  <testcase name="AccuPrice" time="0.005" classname="tec.AC40.Suite.OrderFlow"/>
  <testcase name="AccuPrice" time="0.0" classname="tec.AC40.Suite.OrderFlow"/>
  <testcase name="AccuPrice" time="0.0" classname="tec.AC40.Suite.OrderFlow"/>
  <testcase name="AccuPrice" time="0.0" classname="tec.AC40.Suite.OrderFlow"/>
  <testcase name="AccuPrice" time="0.016" classname="tec.AC40.Suite.OrderFlow"/>
  <testcase name="AccuPrice" time="0.0" classname="tec.AC40.Suite.OrderFlow"/>
  <testcase name="AccuPrice" time="0.0" classname="tec.AC40.Suite.OrderFlow"/>
  <testcase name="AccuPrice" time="0.0" classname="tec.AC40.Suite.OrderFlow"/>
  <testcase name="AccuPrice" time="0.0" classname="tec.AC40.Suite.OrderFlow"/>
  <testcase name="AccuPrice" time="0.0" classname="tec.AC40.Suite.OrderFlow"/>
  <testcase name="AccuPrice" time="0.0" classname="tec.AC40.Suite.OrderFlow"/>
  <testcase name="AccuPrice" time="0.0" classname="tec.AC40.Suite.OrderFlow"/>
  <testcase name="AccuPrice" time="0.015" classname="tec.AC40.Suite.OrderFlow"/>
  <testcase name="AccuPrice" time="0.0" classname="tec.AC40.Suite.OrderFlow"/>
  <testcase name="AccuPrice" time="0.0" classname="tec.AC40.Suite.OrderFlow"/>
  <testcase name="AccuPrice" time="0.0" classname="tec.AC40.Suite.OrderFlow"/>
  <testcase name="AccuPrice" time="0.0" classname="tec.AC40.Suite.OrderFlow"/>
  <testcase name="AccuPrice" time="0.0" classname="tec.AC40.Suite.OrderFlow"/>
  <testcase name="AccuPrice" time="0.016" classname="tec.AC40.Suite.OrderFlow"/>
  <testcase name="AccuPrice" time="0.0" classname="tec.AC40.Suite.OrderFlow"/>
  <testcase name="AccuPrice" time="0.0" classname="tec.AC40.Suite.OrderFlow"/>
  <testcase name="AccuPrice" time="0.0" classname="tec.AC40.Suite.OrderFlow"/>
  <testcase name="AccuPrice" time="0.0" classname="tec.AC40.Suite.OrderFlow"/>
  <testcase name="AccuPrice" time="0.0" classname="tec.AC40.Suite.OrderFlow"/>
  <testcase name="AccuPrice" time="0.0" classname="tec.AC40.Suite.OrderFlow"/>
  <testcase name="AccuPrice" time="0.002" classname="tec.AC40.Suite.OrderFlow"/>
  <testcase name="AccuPrice" time="0.002" classname="tec.AC40.Suite.OrderFlow"/>
  <testcase name="AccuPrice" time="0.0" classname="tec.AC40.Suite.OrderFlow"/>
  <testcase name="AccuPrice" time="0.0" classname="tec.AC40.Suite.OrderFlow"/>
  <testcase name="AccuPrice" time="0.0" classname="tec.AC40.Suite.OrderFlow"/>
  <testcase name="AccuPrice" time="0.0" classname="tec.AC40.Suite.OrderFlow"/>
  <testcase name="AccuPrice" time="0.0" classname="tec.AC40.Suite.OrderFlow"/>
  <testcase name="AccuPrice" time="0.0" classname="tec.AC40.Suite.OrderFlow"/>
  <testcase name="AccuPrice" time="0.0" classname="tec.AC40.Suite.OrderFlow"/>
  <testcase name="AccuPrice" time="0.0" classname="tec.AC40.Suite.OrderFlow"/>
  <testcase name="AccuPrice" time="0.0" classname="tec.AC40.Suite.OrderFlow"/>
  <testcase name="AccuPrice" time="0.0" classname="tec.AC40.Suite.OrderFlow"/>
  <testcase name="AccuPrice" time="0.0" classname="tec.AC40.Suite.OrderFlow"/>
  <testcase name="AccuPrice" time="0.0" classname="tec.AC40.Suite.OrderFlow"/>
  <testcase name="AccuPrice" time="0.0" classname="tec.AC40.Suite.OrderFlow"/>
  <testcase name="AccuPrice" time="0.0" classname="tec.AC40.Suite.OrderFlow"/>
  <testcase name="AccuPrice" time="0.0" classname="tec.AC40.Suite.OrderFlow"/>
  <testcase name="AccuPrice" time="0.0" classname="tec.AC40.Suite.OrderFlow"/>
  <testcase name="AccuPrice" time="0.0" classname="tec.AC40.Suite.OrderFlow"/>
  <testcase name="AccuPrice" time="0.0" classname="tec.AC40.Suite.OrderFlow"/>
  <testcase name="AccuPrice" time="0.0" classname="tec.AC40.Suite.OrderFlow"/>
  <testcase name="AccuPrice" time="0.016" classname="tec.AC40.Suite.OrderFlow"/>
  <testcase name="AccuPrice" time="0.0" classname="tec.AC40.Suite.OrderFlow"/>
  <testcase name="AccuPrice" time="0.0" classname="tec.AC40.Suite.OrderFlow"/>
  <testcase name="AccuPrice" time="0.0" classname="tec.AC40.Suite.OrderFlow"/>
  <testcase name="AccuPrice" time="0.0" classname="tec.AC40.Suite.OrderFlow"/>
  <testcase name="AccuPrice" time="0.0" classname="tec.AC40.Suite.OrderFlow"/>
  <testcase name="AccuPrice" time="0.015" classname="tec.AC40.Suite.OrderFlow"/>
  <testcase name="AccuPrice" time="0.0" classname="tec.AC40.Suite.OrderFlow"/>
  <testcase name="AccuPrice" time="0.0" classname="tec.AC40.Suite.OrderFlow"/>
  <testcase name="AccuPrice" time="0.0" classname="tec.AC40.Suite.OrderFlow"/>
  <testcase name="AccuPrice" time="0.0" classname="tec.AC40.Suite.OrderFlow"/>
  <testcase name="AccuPrice" time="0.0" classname="tec.AC40.Suite.OrderFlow"/>
  <testcase name="AccuPrice" time="0.016" classname="tec.AC40.Suite.OrderFlow"/>
  <testcase name="AccuPrice" time="0.0" classname="tec.AC40.Suite.OrderFlow"/>
  <testcase name="AccuPrice" time="0.0" classname="tec.AC40.Suite.OrderFlow"/>
  <testcase name="AccuPrice" time="0.0" classname="tec.AC40.Suite.OrderFlow"/>
  <testcase name="AccuPrice" time="0.0" classname="tec.AC40.Suite.OrderFlow"/>
  <testcase name="AccuPrice" time="0.0" classname="tec.AC40.Suite.OrderFlow"/>
  <testcase name="AccuPrice" time="0.0" classname="tec.AC40.Suite.OrderFlow"/>
  <testcase name="AccuPrice" time="0.02" classname="tec.AC40.Suite.OrderFlow"/>
  <testcase name="AccuPrice" time="0.001" classname="tec.AC40.Suite.OrderFlow"/>
  <testcase name="AccuPrice" time="0.0" classname="tec.AC40.Suite.OrderFlow"/>
  <testcase name="AccuPrice" time="0.0" classname="tec.AC40.Suite.OrderFlow"/>
  <testcase name="AccuPrice" time="0.0" classname="tec.AC40.Suite.OrderFlow"/>
  <testcase name="AccuPrice" time="0.0" classname="tec.AC40.Suite.OrderFlow"/>
  <testcase name="AccuPrice" time="0.0" classname="tec.AC40.Suite.OrderFlow"/>
  <testcase name="AccuPrice" time="0.0" classname="tec.AC40.Suite.OrderFlow"/>
  <testcase name="AccuPrice" time="0.002" classname="tec.AC40.Suite.OrderFlow"/>
  <testcase name="AccuPrice" time="0.002" classname="tec.AC40.Suite.OrderFlow"/>
  <testcase name="AccuPrice" time="0.002" classname="tec.AC40.Suite.OrderFlow"/>
  <testcase name="AccuPrice" time="0.002" classname="tec.AC40.Suite.OrderFlow"/>
  <testcase name="AccuPrice" time="0.002" classname="tec.AC40.Suite.OrderFlow"/>
  <testcase name="AccuPrice" time="0.002" classname="tec.AC40.Suite.OrderFlow"/>
  <testcase name="AccuPrice" time="0.0" classname="tec.AC40.Suite.OrderFlow"/>
  <testcase name="AccuPrice" time="0.0" classname="tec.AC40.Suite.OrderFlow"/>
  <testcase name="AccuPrice" time="0.0" classname="tec.AC40.Suite.OrderFlow"/>
  <testcase name="AccuPrice" time="0.0" classname="tec.AC40.Suite.OrderFlow"/>
  <testcase name="AccuPrice" time="0.0" classname="tec.AC40.Suite.OrderFlow"/>
  <testcase name="AccuPrice" time="0.016" classname="tec.AC40.Suite.OrderFlow"/>
  <testcase name="AccuPrice" time="0.0" classname="tec.AC40.Suite.OrderFlow"/>
  <testcase name="AccuPrice" time="0.0" classname="tec.AC40.Suite.OrderFlow"/>
  <testcase name="AccuPrice" time="0.0" classname="tec.AC40.Suite.OrderFlow"/>
  <testcase name="AccuPrice" time="0.0" classname="tec.AC40.Suite.OrderFlow"/>
  <testcase name="AccuPrice" time="0.0" classname="tec.AC40.Suite.OrderFlow"/>
  <testcase name="AccuPrice" time="0.0" classname="tec.AC40.Suite.OrderFlow"/>
  <testcase name="AccuPrice" time="0.0" classname="tec.AC40.Suite.OrderFlow"/>
  <testcase name="AccuPrice" time="0.0" classname="tec.AC40.Suite.OrderFlow"/>
  <testcase name="AccuPrice" time="0.0" classname="tec.AC40.Suite.OrderFlow"/>
  <testcase name="AccuPrice" time="0.0" classname="tec.AC40.Suite.OrderFlow"/>
  <testcase name="AccuPrice" time="0.015" classname="tec.AC40.Suite.OrderFlow"/>
  <testcase name="AccuPrice" time="0.0" classname="tec.AC40.Suite.OrderFlow"/>
  <testcase name="AccuPrice" time="0.0" classname="tec.AC40.Suite.OrderFlow"/>
  <testcase name="AccuPrice" time="0.0" classname="tec.AC40.Suite.OrderFlow"/>
  <testcase name="AccuPrice" time="0.0" classname="tec.AC40.Suite.OrderFlow"/>
  <testcase name="AccuPrice" time="0.0" classname="tec.AC40.Suite.OrderFlow"/>
  <testcase name="AccuPrice" time="0.017" classname="tec.AC40.Suite.OrderFlow"/>
  <testcase name="AccuPrice" time="0.002" classname="tec.AC40.Suite.OrderFlow"/>
  <testcase name="AccuPrice" time="0.0" classname="tec.AC40.Suite.OrderFlow"/>
  <testcase name="AccuPrice" time="0.0" classname="tec.AC40.Suite.OrderFlow"/>
  <testcase name="AccuPrice" time="0.0" classname="tec.AC40.Suite.OrderFlow"/>
  <testcase name="AccuPrice" time="0.0" classname="tec.AC40.Suite.OrderFlow"/>
  <testcase name="AccuPrice" time="0.0" classname="tec.AC40.Suite.OrderFlow"/>
  <testcase name="AccuPrice" time="0.016" classname="tec.AC40.Suite.OrderFlow"/>
  <testcase name="AccuPrice" time="0.0" classname="tec.AC40.Suite.OrderFlow"/>
  <testcase name="AccuPrice" time="0.0" classname="tec.AC40.Suite.OrderFlow"/>
  <testcase name="AccuPrice" time="0.0" classname="tec.AC40.Suite.OrderFlow"/>
  <testcase name="AccuPrice" time="0.0" classname="tec.AC40.Suite.OrderFlow"/>
  <testcase name="AccuPrice" time="0.0" classname="tec.AC40.Suite.OrderFlow"/>
  <testcase name="AccuPrice" time="0.016" classname="tec.AC40.Suite.OrderFlow"/>
  <testcase name="AccuPrice" time="0.0" classname="tec.AC40.Suite.OrderFlow"/>
  <testcase name="AccuPrice" time="0.0" classname="tec.AC40.Suite.OrderFlow"/>
  <testcase name="AccuPrice" time="0.0" classname="tec.AC40.Suite.OrderFlow"/>
  <testcase name="AccuPrice" time="0.0" classname="tec.AC40.Suite.OrderFlow"/>
  <testcase name="AccuPrice" time="0.0" classname="tec.AC40.Suite.OrderFlow"/>
  <testcase name="AccuPrice" time="0.015" classname="tec.AC40.Suite.OrderFlow"/>
  <testcase name="AccuPrice" time="0.0" classname="tec.AC40.Suite.OrderFlow"/>
  <testcase name="AccuPrice" time="0.0" classname="tec.AC40.Suite.OrderFlow"/>
  <testcase name="AccuPrice" time="0.0" classname="tec.AC40.Suite.OrderFlow"/>
  <testcase name="AccuPrice" time="0.0" classname="tec.AC40.Suite.OrderFlow"/>
  <testcase name="AccuPrice" time="0.0" classname="tec.AC40.Suite.OrderFlow"/>
  <testcase name="AccuPrice" time="0.016" classname="tec.AC40.Suite.OrderFlow"/>
  <testcase name="AccuPrice" time="0.0" classname="tec.AC40.Suite.OrderFlow"/>
  <testcase name="AccuPrice" time="0.0" classname="tec.AC40.Suite.OrderFlow"/>
  <testcase name="AccuPrice" time="0.0" classname="tec.AC40.Suite.OrderFlow"/>
  <testcase name="AccuPrice" time="0.0" classname="tec.AC40.Suite.OrderFlow"/>
  <testcase name="AccuPrice" time="0.0" classname="tec.AC40.Suite.OrderFlow"/>
  <testcase name="AccuPrice" time="0.015" classname="tec.AC40.Suite.OrderFlow"/>
  <testcase name="AccuPrice" time="0.017" classname="tec.AC40.Suite.OrderFlow"/>
  <testcase name="AccuPrice" time="0.004" classname="tec.AC40.Suite.OrderFlow"/>
  <testcase name="AccuPrice" time="0.0" classname="tec.AC40.Suite.OrderFlow"/>
  <testcase name="AccuPrice" time="0.015" classname="tec.AC40.Suite.OrderFlow"/>
  <testcase name="AccuPrice" time="0.0" classname="tec.AC40.Suite.OrderFlow"/>
  <testcase name="AccuPrice" time="0.016" classname="tec.AC40.Suite.OrderFlow"/>
  <testcase name="AccuPrice" time="0.0" classname="tec.AC40.Suite.OrderFlow"/>
  <testcase name="AccuPrice" time="0.0" classname="tec.AC40.Suite.OrderFlow"/>
  <testcase name="AccuPrice" time="0.015" classname="tec.AC40.Suite.OrderFlow"/>
  <testcase name="AccuPrice" time="0.0" classname="tec.AC40.Suite.OrderFlow"/>
  <testcase name="AccuPrice" time="0.016" classname="tec.AC40.Suite.OrderFlow"/>
  <testcase name="AccuPrice" time="0.0" classname="tec.AC40.Suite.OrderFlow"/>
  <testcase name="AccuPrice" time="0.016" classname="tec.AC40.Suite.OrderFlow"/>
  <testcase name="AccuPrice" time="0.0" classname="tec.AC40.Suite.OrderFlow"/>
  <testcase name="AccuPrice" time="0.016" classname="tec.AC40.Suite.OrderFlow"/>
  <testcase name="AccuPrice" time="0.004" classname="tec.AC40.Suite.OrderFlow"/>
  <testcase name="AccuPrice" time="0.0" classname="tec.AC40.Suite.OrderFlow"/>
  <testcase name="AccuPrice" time="0.0" classname="tec.AC40.Suite.OrderFlow"/>
  <testcase name="AccuPrice" time="0.0" classname="tec.AC40.Suite.OrderFlow"/>
  <testcase name="AccuPrice" time="0.0" classname="tec.AC40.Suite.OrderFlow"/>
  <testcase name="AccuPrice" time="0.0" classname="tec.AC40.Suite.OrderFlow"/>
  <testcase name="AccuPrice" time="0.015" classname="tec.AC40.Suite.OrderFlow"/>
  <testcase name="AccuPrice" time="0.0" classname="tec.AC40.Suite.OrderFlow"/>
  <testcase name="AccuPrice" time="0.0" classname="tec.AC40.Suite.OrderFlow"/>
  <testcase name="AccuPrice" time="0.0" classname="tec.AC40.Suite.OrderFlow"/>
  <testcase name="AccuPrice" time="0.0" classname="tec.AC40.Suite.OrderFlow"/>
  <testcase name="AccuPrice" time="0.0" classname="tec.AC40.Suite.OrderFlow"/>
  <testcase name="AccuPrice" time="0.0" classname="tec.AC40.Suite.OrderFlow"/>
  <testcase name="AccuPrice" time="0.0" classname="tec.AC40.Suite.OrderFlow"/>
  <testcase name="AccuPrice" time="0.0" classname="tec.AC40.Suite.OrderFlow"/>
  <testcase name="AccuPrice" time="0.0" classname="tec.AC40.Suite.OrderFlow"/>
  <testcase name="AccuPrice" time="0.0" classname="tec.AC40.Suite.OrderFlow"/>
  <testcase name="AccuPrice" time="0.016" classname="tec.AC40.Suite.OrderFlow"/>
  <testcase name="AccuPrice" time="0.0" classname="tec.AC40.Suite.OrderFlow"/>
  <testcase name="AccuPrice" time="0.0" classname="tec.AC40.Suite.OrderFlow"/>
  <testcase name="AccuPrice" time="0.0" classname="tec.AC40.Suite.OrderFlow"/>
  <testcase name="AccuPrice" time="0.0" classname="tec.AC40.Suite.OrderFlow"/>
  <testcase name="AccuPrice" time="0.0" classname="tec.AC40.Suite.OrderFlow"/>
  <testcase name="AccuPrice" time="0.015" classname="tec.AC40.Suite.OrderFlow"/>
  <testcase name="AccuPrice" time="0.0" classname="tec.AC40.Suite.OrderFlow"/>
  <testcase name="AccuPrice" time="0.0" classname="tec.AC40.Suite.OrderFlow"/>
  <testcase name="AccuPrice" time="0.0" classname="tec.AC40.Suite.OrderFlow"/>
  <testcase name="AccuPrice" time="0.0" classname="tec.AC40.Suite.OrderFlow"/>
  <testcase name="AccuPrice" time="0.0" classname="tec.AC40.Suite.OrderFlow"/>
  <testcase name="AccuPrice" time="0.0" classname="tec.AC40.Suite.OrderFlow"/>
  <testcase name="AccuPrice" time="0.0" classname="tec.AC40.Suite.OrderFlow"/>
  <testcase name="AccuPrice" time="0.0" classname="tec.AC40.Suite.OrderFlow"/>
  <testcase name="AccuPrice" time="0.0" classname="tec.AC40.Suite.OrderFlow"/>
  <testcase name="AccuPrice" time="0.0" classname="tec.AC40.Suite.OrderFlow"/>
  <testcase name="AccuPrice" time="0.0" classname="tec.AC40.Suite.OrderFlow"/>
  <testcase name="AccuPrice" time="0.0" classname="tec.AC40.Suite.OrderFlow"/>
  <testcase name="AccuPrice" time="0.017" classname="tec.AC40.Suite.OrderFlow"/>
  <testcase name="AccuPrice" time="0.002" classname="tec.AC40.Suite.OrderFlow"/>
  <testcase name="AccuPrice" time="0.001" classname="tec.AC40.Suite.OrderFlow"/>
  <testcase name="AccuPrice" time="0.0" classname="tec.AC40.Suite.OrderFlow"/>
  <testcase name="AccuPrice" time="0.0" classname="tec.AC40.Suite.OrderFlow"/>
  <testcase name="AccuPrice" time="0.0" classname="tec.AC40.Suite.OrderFlow"/>
  <testcase name="AccuPrice" time="0.0" classname="tec.AC40.Suite.OrderFlow"/>
  <testcase name="AccuPrice" time="0.0" classname="tec.AC40.Suite.OrderFlow"/>
  <testcase name="AccuPrice" time="0.016" classname="tec.AC40.Suite.OrderFlow"/>
  <testcase name="AccuPrice" time="0.0" classname="tec.AC40.Suite.OrderFlow"/>
  <testcase name="AccuPrice" time="0.0" classname="tec.AC40.Suite.OrderFlow"/>
  <testcase name="AccuPrice" time="0.0" classname="tec.AC40.Suite.OrderFlow"/>
  <testcase name="AccuPrice" time="0.0" classname="tec.AC40.Suite.OrderFlow"/>
  <testcase name="AccuPrice" time="0.015" classname="tec.AC40.Suite.OrderFlow"/>
  <testcase name="AccuPrice" time="0.0" classname="tec.AC40.Suite.OrderFlow"/>
  <testcase name="AccuPrice" time="0.0" classname="tec.AC40.Suite.OrderFlow"/>
  <testcase name="AccuPrice" time="0.0" classname="tec.AC40.Suite.OrderFlow"/>
  <testcase name="AccuPrice" time="0.0" classname="tec.AC40.Suite.OrderFlow"/>
  <testcase name="AccuPrice" time="0.0" classname="tec.AC40.Suite.OrderFlow"/>
  <testcase name="AccuPrice" time="0.0" classname="tec.AC40.Suite.OrderFlow"/>
  <testcase name="AccuPrice" time="0.016" classname="tec.AC40.Suite.OrderFlow"/>
  <testcase name="AccuPrice" time="0.0" classname="tec.AC40.Suite.OrderFlow"/>
  <testcase name="AccuPrice" time="0.0" classname="tec.AC40.Suite.OrderFlow"/>
  <testcase name="AccuPrice" time="0.0" classname="tec.AC40.Suite.OrderFlow"/>
  <testcase name="AccuPrice" time="0.0" classname="tec.AC40.Suite.OrderFlow"/>
  <testcase name="AccuPrice" time="0.0" classname="tec.AC40.Suite.OrderFlow"/>
  <testcase name="AccuPrice" time="0.0" classname="tec.AC40.Suite.OrderFlow"/>
  <testcase name="AccuPrice" time="0.0" classname="tec.AC40.Suite.OrderFlow"/>
  <testcase name="AccuPrice" time="0.0" classname="tec.AC40.Suite.OrderFlow"/>
  <testcase name="AccuPrice" time="0.0" classname="tec.AC40.Suite.OrderFlow"/>
  <testcase name="AccuPrice" time="0.0" classname="tec.AC40.Suite.OrderFlow"/>
  <testcase name="AccuPrice" time="0.0" classname="tec.AC40.Suite.OrderFlow"/>
  <testcase name="AccuPrice" time="0.015" classname="tec.AC40.Suite.OrderFlow"/>
  <testcase name="AccuPrice" time="0.0" classname="tec.AC40.Suite.OrderFlow"/>
  <testcase name="AccuPrice" time="0.0" classname="tec.AC40.Suite.OrderFlow"/>
  <testcase name="AccuPrice" time="0.0" classname="tec.AC40.Suite.OrderFlow"/>
  <testcase name="AccuPrice" time="0.0" classname="tec.AC40.Suite.OrderFlow"/>
  <testcase name="AccuPrice" time="0.0" classname="tec.AC40.Suite.OrderFlow"/>
  <testcase name="AccuPrice" time="0.002" classname="tec.AC40.Suite.OrderFlow"/>
  <testcase name="AccuPrice" time="0.002" classname="tec.AC40.Suite.OrderFlow"/>
  <testcase name="AccuPrice" time="0.0" classname="tec.AC40.Suite.OrderFlow"/>
  <testcase name="AccuPrice" time="0.0" classname="tec.AC40.Suite.OrderFlow"/>
  <testcase name="AccuPrice" time="0.0" classname="tec.AC40.Suite.OrderFlow"/>
  <testcase name="AccuPrice" time="0.0" classname="tec.AC40.Suite.OrderFlow"/>
  <testcase name="AccuPrice" time="0.0" classname="tec.AC40.Suite.OrderFlow"/>
  <testcase name="AccuPrice" time="0.0" classname="tec.AC40.Suite.OrderFlow"/>
  <testcase name="AccuPrice" time="0.0" classname="tec.AC40.Suite.OrderFlow"/>
  <testcase name="AccuPrice" time="0.0" classname="tec.AC40.Suite.OrderFlow"/>
  <testcase name="AccuPrice" time="0.0" classname="tec.AC40.Suite.OrderFlow"/>
  <testcase name="AccuPrice" time="0.0" classname="tec.AC40.Suite.OrderFlow"/>
  <testcase name="AccuPrice" time="0.0" classname="tec.AC40.Suite.OrderFlow"/>
  <testcase name="AccuPrice" time="0.0" classname="tec.AC40.Suite.OrderFlow"/>
  <testcase name="AccuPrice" time="0.0" classname="tec.AC40.Suite.OrderFlow"/>
  <testcase name="AccuPrice" time="0.0" classname="tec.AC40.Suite.OrderFlow"/>
  <testcase name="AccuPrice" time="0.0" classname="tec.AC40.Suite.OrderFlow"/>
  <testcase name="AccuPrice" time="0.0" classname="tec.AC40.Suite.OrderFlow"/>
  <testcase name="AccuPrice" time="0.0" classname="tec.AC40.Suite.OrderFlow"/>
  <testcase name="AccuPrice" time="0.0" classname="tec.AC40.Suite.OrderFlow"/>
  <testcase name="AccuPrice" time="0.015" classname="tec.AC40.Suite.OrderFlow"/>
  <testcase name="AccuPrice" time="0.0" classname="tec.AC40.Suite.OrderFlow"/>
  <testcase name="AccuPrice" time="0.0" classname="tec.AC40.Suite.OrderFlow"/>
  <testcase name="AccuPrice" time="0.0" classname="tec.AC40.Suite.OrderFlow"/>
  <testcase name="AccuPrice" time="0.0" classname="tec.AC40.Suite.OrderFlow"/>
  <testcase name="AccuPrice" time="0.016" classname="tec.AC40.Suite.OrderFlow"/>
  <testcase name="AccuPrice" time="0.0" classname="tec.AC40.Suite.OrderFlow"/>
  <testcase name="AccuPrice" time="0.0" classname="tec.AC40.Suite.OrderFlow"/>
  <testcase name="AccuPrice" time="0.0" classname="tec.AC40.Suite.OrderFlow"/>
  <testcase name="AccuPrice" time="0.0" classname="tec.AC40.Suite.OrderFlow"/>
  <testcase name="AccuPrice" time="0.0" classname="tec.AC40.Suite.OrderFlow"/>
  <testcase name="AccuPrice" time="0.016" classname="tec.AC40.Suite.OrderFlow"/>
  <testcase name="AccuPrice" time="0.0" classname="tec.AC40.Suite.OrderFlow"/>
  <testcase name="AccuPrice" time="0.0" classname="tec.AC40.Suite.OrderFlow"/>
  <testcase name="AccuPrice" time="0.0" classname="tec.AC40.Suite.OrderFlow"/>
  <testcase name="AccuPrice" time="0.0" classname="tec.AC40.Suite.OrderFlow"/>
  <testcase name="AccuPrice" time="0.0" classname="tec.AC40.Suite.OrderFlow"/>
  <testcase name="AccuPrice" time="0.017" classname="tec.AC40.Suite.OrderFlow"/>
  <testcase name="AccuPrice" time="0.002" classname="tec.AC40.Suite.OrderFlow"/>
  <testcase name="AccuPrice" time="0.0" classname="tec.AC40.Suite.OrderFlow"/>
  <testcase name="AccuPrice" time="0.0" classname="tec.AC40.Suite.OrderFlow"/>
  <testcase name="AccuPrice" time="0.0" classname="tec.AC40.Suite.OrderFlow"/>
  <testcase name="AccuPrice" time="0.0" classname="tec.AC40.Suite.OrderFlow"/>
  <testcase name="AccuPrice" time="0.0" classname="tec.AC40.Suite.OrderFlow"/>
  <testcase name="AccuPrice" time="0.0" classname="tec.AC40.Suite.OrderFlow"/>
  <testcase name="AccuPrice" time="0.0" classname="tec.AC40.Suite.OrderFlow"/>
  <testcase name="AccuPrice" time="0.0" classname="tec.AC40.Suite.OrderFlow"/>
  <testcase name="AccuPrice" time="0.0" classname="tec.AC40.Suite.OrderFlow"/>
  <testcase name="AccuPrice" time="0.0" classname="tec.AC40.Suite.OrderFlow"/>
  <testcase name="AccuPrice" time="0.0" classname="tec.AC40.Suite.OrderFlow"/>
  <testcase name="AccuPrice" time="0.0" classname="tec.AC40.Suite.OrderFlow"/>
  <testcase name="AccuPrice" time="0.015" classname="tec.AC40.Suite.OrderFlow"/>
  <testcase name="AccuPrice" time="0.0" classname="tec.AC40.Suite.OrderFlow"/>
  <testcase name="AccuPrice" time="0.0" classname="tec.AC40.Suite.OrderFlow"/>
  <testcase name="AccuPrice" time="0.0" classname="tec.AC40.Suite.OrderFlow"/>
  <testcase name="AccuPrice" time="0.0" classname="tec.AC40.Suite.OrderFlow"/>
  <testcase name="AccuPrice" time="0.0" classname="tec.AC40.Suite.OrderFlow"/>
  <testcase name="AccuPrice" time="0.0" classname="tec.AC40.Suite.OrderFlow"/>
  <testcase name="AccuPrice" time="0.0" classname="tec.AC40.Suite.OrderFlow"/>
  <testcase name="AccuPrice" time="0.0" classname="tec.AC40.Suite.OrderFlow"/>
  <testcase name="AccuPrice" time="0.0" classname="tec.AC40.Suite.OrderFlow"/>
  <testcase name="AccuPrice" time="0.0" classname="tec.AC40.Suite.OrderFlow"/>
  <testcase name="AccuPrice" time="0.0" classname="tec.AC40.Suite.OrderFlow"/>
  <testcase name="AccuPrice" time="0.0" classname="tec.AC40.Suite.OrderFlow"/>
  <testcase name="AccuPrice" time="0.0" classname="tec.AC40.Suite.OrderFlow"/>
</testsuite> <!-- Test -->
