<?xml version="1.0" encoding="UTF-8"?>
<testng-results skipped="0" failed="0" ignored="0" total="1" passed="1">
  <reporter-output>
  </reporter-output>
  <suite name="Command line suite" duration-ms="85" started-at="2019-05-24T10:23:17Z" finished-at="2019-05-24T10:23:17Z">
    <groups>
    </groups>
    <test name="Command line test" duration-ms="85" started-at="2019-05-24T10:23:17Z" finished-at="2019-05-24T10:23:17Z">
      <class name="mProject.maven.AppTest">
        <test-method status="PASS" signature="testApp()" name="testApp" duration-ms="7" started-at="2019-05-24T10:23:17Z" finished-at="2019-05-24T10:23:17Z">
          <reporter-output>
          </reporter-output>
        </test-method> <!-- testApp -->
      </class> <!-- mProject.maven.AppTest -->
    </test> <!-- Command line test -->
  </suite> <!-- Command line suite -->
</testng-results>
