<?xml version="1.0" encoding="UTF-8"?>
<testng-results skipped="0" failed="0" total="0" passed="0">
  <reporter-output>
  </reporter-output>
  <suite name="test.TestRunner" duration-ms="3" started-at="2019-07-15T09:13:55Z" finished-at="2019-07-15T09:13:55Z">
    <groups>
    </groups>
    <test name="Command line test" duration-ms="3" started-at="2019-07-15T09:13:55Z" finished-at="2019-07-15T09:13:55Z">
    </test> <!-- Command line test -->
  </suite> <!-- test.TestRunner -->
</testng-results>
