<?xml version="1.0" encoding="UTF-8"?>
<testng-results skipped="0" failed="0" total="1" passed="1">
  <reporter-output>
  </reporter-output>
  <suite name="Default suite" duration-ms="782248" started-at="2020-03-31T12:48:41Z" finished-at="2020-03-31T13:01:44Z">
    <groups>
    </groups>
    <test name="Default test" duration-ms="782248" started-at="2020-03-31T12:48:41Z" finished-at="2020-03-31T13:01:44Z">
      <class name="smokeTestPack.smokeTest">
        <test-method status="PASS" signature="init_browser()[pri:0, instance:smokeTestPack.smokeTest@540f5a]" name="init_browser" is-config="true" duration-ms="66" started-at="2020-03-31T18:18:41Z" finished-at="2020-03-31T18:18:42Z">
          <reporter-output>
          </reporter-output>
        </test-method> <!-- init_browser -->
        <test-method status="PASS" signature="fund_setup()[pri:0, instance:smokeTestPack.smokeTest@540f5a]" name="fund_setup" duration-ms="778393" started-at="2020-03-31T18:18:42Z" finished-at="2020-03-31T18:31:40Z">
          <reporter-output>
          </reporter-output>
        </test-method> <!-- fund_setup -->
        <test-method status="PASS" signature="end_test_fundSetup()[pri:0, instance:smokeTestPack.smokeTest@540f5a]" name="end_test_fundSetup" is-config="true" duration-ms="3621" started-at="2020-03-31T18:31:40Z" finished-at="2020-03-31T18:31:44Z">
          <reporter-output>
          </reporter-output>
        </test-method> <!-- end_test_fundSetup -->
      </class> <!-- smokeTestPack.smokeTest -->
    </test> <!-- Default test -->
  </suite> <!-- Default suite -->
</testng-results>
